app/build/intermediates/manifest_merge_blame_file/release/manifest-merger-blame-release-report.txt
1<?xml version="1.0" encoding="utf-8"?>
2<manifest xmlns:android="http://schemas.android.com/apk/res/android"
3    package="com.google.android.gms.samples.vision.barcodereader"
4    android:installLocation="auto"
5    android:versionCode="1"
6    android:versionName="1.0" >
7
8    <uses-sdk
9        android:minSdkVersion="21"
9-->src/main/AndroidManifest.xml
10        android:targetSdkVersion="31" />
10-->src/main/AndroidManifest.xml
11
12    <uses-feature android:name="android.hardware.camera" />
12-->src/main/AndroidManifest.xml:6:5-60
12-->src/main/AndroidManifest.xml:6:19-57
13
14    <uses-permission android:name="android.permission.CAMERA" />
14-->src/main/AndroidManifest.xml:8:5-65
14-->src/main/AndroidManifest.xml:8:22-62
15
16    <application
16-->src/main/AndroidManifest.xml:10:5-41:19
17        android:allowBackup="true"
17-->src/main/AndroidManifest.xml:11:9-35
18        android:fullBackupContent="false"
18-->src/main/AndroidManifest.xml:12:9-42
19        android:hardwareAccelerated="true"
19-->src/main/AndroidManifest.xml:13:9-43
20        android:icon="@drawable/ciji"
20-->src/main/AndroidManifest.xml:14:9-38
21        android:label="Tzu Chi Food Pantry"
21-->src/main/AndroidManifest.xml:15:9-44
22        android:supportsRtl="true"
22-->src/main/AndroidManifest.xml:16:9-37
23        android:theme="@style/Theme.AppCompat" >
23-->src/main/AndroidManifest.xml:17:9-47
24        <meta-data
24-->src/main/AndroidManifest.xml:18:9-20:69
25            android:name="com.google.android.gms.version"
25-->src/main/AndroidManifest.xml:19:13-58
26            android:value="@integer/google_play_services_version" />
26-->src/main/AndroidManifest.xml:20:13-66
27        <meta-data
27-->src/main/AndroidManifest.xml:21:9-23:39
28            android:name="com.google.android.gms.vision.DEPENDENCIES"
28-->src/main/AndroidManifest.xml:22:13-70
29            android:value="barcode" />
29-->src/main/AndroidManifest.xml:23:13-36
30
31        <activity
31-->src/main/AndroidManifest.xml:25:9-34:20
32            android:name="com.google.android.gms.samples.vision.barcodereader.HomeActivity"
32-->src/main/AndroidManifest.xml:26:13-41
33            android:exported="true"
33-->src/main/AndroidManifest.xml:27:13-36
34            android:label="@string/title_activity_main" >
34-->src/main/AndroidManifest.xml:28:13-56
35            <intent-filter>
35-->src/main/AndroidManifest.xml:29:13-33:29
36                <action android:name="android.intent.action.MAIN" />
36-->src/main/AndroidManifest.xml:30:17-69
36-->src/main/AndroidManifest.xml:30:25-66
37
38                <category android:name="android.intent.category.LAUNCHER" />
38-->src/main/AndroidManifest.xml:32:17-77
38-->src/main/AndroidManifest.xml:32:27-74
39            </intent-filter>
40        </activity>
41        <activity android:name="com.google.android.gms.samples.vision.barcodereader.MainActivity" />
41-->src/main/AndroidManifest.xml:36:9-50
41-->src/main/AndroidManifest.xml:36:19-47
42        <activity
42-->src/main/AndroidManifest.xml:37:9-38:43
43            android:name="com.google.android.gms.samples.vision.barcodereader.BarcodeCaptureActivity"
43-->src/main/AndroidManifest.xml:37:19-57
44            android:label="Read Barcode" />
44-->src/main/AndroidManifest.xml:38:13-41
45        <activity android:name="com.google.android.gms.samples.vision.barcodereader.ResultActivity" />
45-->src/main/AndroidManifest.xml:39:9-52
45-->src/main/AndroidManifest.xml:39:19-49
46        <activity android:name="com.google.android.gms.samples.vision.barcodereader.DatabaseContentActivity" />
46-->src/main/AndroidManifest.xml:40:9-61
46-->src/main/AndroidManifest.xml:40:19-58
47        <activity
47-->[com.google.android.gms:play-services-base:9.4.0] AndroidManifest.xml:20:9-22:45
48            android:name="com.google.android.gms.common.api.GoogleApiActivity"
48-->[com.google.android.gms:play-services-base:9.4.0] AndroidManifest.xml:20:19-85
49            android:exported="false"
49-->[com.google.android.gms:play-services-base:9.4.0] AndroidManifest.xml:22:19-43
50            android:theme="@android:style/Theme.Translucent.NoTitleBar" />
50-->[com.google.android.gms:play-services-base:9.4.0] AndroidManifest.xml:21:19-78
51    </application>
52
53</manifest>